<?xml version="1.0" encoding="UTF-8"?>
<testsuite name="com.lucas2.ComputeTest" tests="1" skipped="0" failures="0" errors="0" timestamp="2024-05-06T23:34:01" hostname="LAPTOP-E6JH709M" time="0.003">
  <properties/>
  <testcase name="smokeTestCompute()" classname="com.lucas2.ComputeTest" time="0.003"/>
  <system-out><![CDATA[]]></system-out>
  <system-err><![CDATA[]]></system-err>
</testsuite>
