<?xml version="1.0" encoding="UTF-8"?>
<testsuite name="com.lucas2.TestMultiUser" tests="1" skipped="0" failures="0" errors="0" timestamp="2024-04-11T03:00:59" hostname="LAPTOP-E6JH709M" time="0.021">
  <properties/>
  <testcase name="compareMultiAndSingleThreaded()" classname="com.lucas2.TestMultiUser" time="0.021"/>
  <system-out><![CDATA[]]></system-out>
  <system-err><![CDATA[]]></system-err>
</testsuite>
