<?xml version="1.0" encoding="UTF-8"?>
<testsuite name="com.lucas2.TestStorageToComputeEngine" tests="2" skipped="0" failures="0" errors="0" timestamp="2024-04-15T22:25:12" hostname="LAPTOP-E6JH709M" time="1.319">
  <properties/>
  <testcase name="smokeTestWrite()" classname="com.lucas2.TestStorageToComputeEngine" time="0.981"/>
  <testcase name="smokeTestRead()" classname="com.lucas2.TestStorageToComputeEngine" time="0.319"/>
  <system-out><![CDATA[]]></system-out>
  <system-err><![CDATA[]]></system-err>
</testsuite>
