<?xml version="1.0" encoding="UTF-8"?>
<testsuite name="com.lucas2.TestStorageToComputeEngine" tests="2" skipped="0" failures="0" errors="0" timestamp="2024-05-06T23:34:02" hostname="LAPTOP-E6JH709M" time="0.205">
  <properties/>
  <testcase name="smokeTestWrite()" classname="com.lucas2.TestStorageToComputeEngine" time="0.157"/>
  <testcase name="smokeTestRead()" classname="com.lucas2.TestStorageToComputeEngine" time="0.047"/>
  <system-out><![CDATA[]]></system-out>
  <system-err><![CDATA[]]></system-err>
</testsuite>
