<?xml version="1.0" encoding="UTF-8"?>
<testsuite name="com.lucas2.ComputeEngineIntegrationTest" tests="1" skipped="0" failures="0" errors="0" timestamp="2024-05-06T23:34:00" hostname="LAPTOP-E6JH709M" time="1.824">
  <properties/>
  <testcase name="testComputeEngineIntegration()" classname="com.lucas2.ComputeEngineIntegrationTest" time="1.824"/>
  <system-out><![CDATA[]]></system-out>
  <system-err><![CDATA[]]></system-err>
</testsuite>
