<?xml version="1.0" encoding="UTF-8"?>
<testsuite name="com.lucas2.TestMultiUser" tests="1" skipped="0" failures="0" errors="0" timestamp="2024-05-06T23:34:01" hostname="LAPTOP-E6JH709M" time="0.098">
  <properties/>
  <testcase name="compareMultiAndSingleThreaded()" classname="com.lucas2.TestMultiUser" time="0.098"/>
  <system-out><![CDATA[Write operation successful!
Write operation successful!
Write operation successful!
Write operation successful!
Write operation successful!
Write operation successful!
Write operation successful!
Write operation successful!
]]></system-out>
  <system-err><![CDATA[]]></system-err>
</testsuite>
