<?xml version="1.0" encoding="UTF-8"?>
<<<<<<< HEAD
<testsuite name="com.lucas2.TestStorageToComputeEngine" tests="2" skipped="0" failures="0" errors="0" timestamp="2024-04-15T22:25:12" hostname="LAPTOP-E6JH709M" time="1.319">
  <properties/>
  <testcase name="smokeTestWrite()" classname="com.lucas2.TestStorageToComputeEngine" time="0.981"/>
  <testcase name="smokeTestRead()" classname="com.lucas2.TestStorageToComputeEngine" time="0.319"/>
=======
<testsuite name="com.lucas2.TestStorageToComputeEngine" tests="2" skipped="0" failures="0" errors="0" timestamp="2024-04-11T03:00:59" hostname="LAPTOP-E6JH709M" time="0.113">
  <properties/>
  <testcase name="smokeTestWrite()" classname="com.lucas2.TestStorageToComputeEngine" time="0.089"/>
  <testcase name="smokeTestRead()" classname="com.lucas2.TestStorageToComputeEngine" time="0.023"/>
>>>>>>> bcc4ee233adb46f5db9d19dc3d35033eb7cc3cda
  <system-out><![CDATA[]]></system-out>
  <system-err><![CDATA[]]></system-err>
</testsuite>
