<?xml version="1.0" encoding="UTF-8"?>
<testsuite name="com.lucas2.TestUserToComputeEngineAPI" tests="2" skipped="0" failures="0" errors="0" timestamp="2024-05-06T23:34:02" hostname="LAPTOP-E6JH709M" time="0.127">
  <properties/>
  <testcase name="smokeTest()" classname="com.lucas2.TestUserToComputeEngineAPI" time="0.116"/>
  <testcase name="testCompute()" classname="com.lucas2.TestUserToComputeEngineAPI" time="0.009"/>
  <system-out><![CDATA[]]></system-out>
  <system-err><![CDATA[]]></system-err>
</testsuite>
